2026-05-11 23:21:16,861 [INFO] scheduler — ✅ master_pipeline.py chargé
2026-05-11 23:21:16,863 [INFO] scheduler — ════════════════════════════════════════════════════════════
2026-05-11 23:21:16,863 [INFO] scheduler —   Scheduler Dashboard 360° Novec v2 — DÉMO ACCÉLÉRÉ
2026-05-11 23:21:16,863 [INFO] scheduler —   dry_run=True | skip_ml=False | backfill_days=30
2026-05-11 23:21:16,863 [INFO] scheduler — ════════════════════════════════════════════════════════════
2026-05-11 23:21:16,873 [INFO] scheduler — [INIT] --no-init : full_init ignoré
2026-05-11 23:21:16,882 [INFO] apscheduler.scheduler — Adding job tentatively -- it will be properly scheduled when the scheduler starts
2026-05-11 23:21:16,882 [INFO] scheduler — [SCHEDULE] ✅ TIER 1 Infrastructure → toutes les 5s
2026-05-11 23:21:16,882 [INFO] apscheduler.scheduler — Adding job tentatively -- it will be properly scheduled when the scheduler starts
2026-05-11 23:21:16,882 [INFO] scheduler — [SCHEDULE] ✅ TIER 2 Parc Auto → toutes les 30s
2026-05-11 23:21:16,889 [INFO] apscheduler.scheduler — Adding job tentatively -- it will be properly scheduled when the scheduler starts
2026-05-11 23:21:16,891 [INFO] scheduler — [SCHEDULE] ✅ TIER 3 Daily (démo) → toutes les 120s
2026-05-11 23:21:16,891 [INFO] apscheduler.scheduler — Adding job tentatively -- it will be properly scheduled when the scheduler starts
2026-05-11 23:21:16,891 [INFO] scheduler — [SCHEDULE] ✅ TIER 4 Monthly (démo) → toutes les 300s
2026-05-11 23:21:16,891 [INFO] apscheduler.scheduler — Adding job tentatively -- it will be properly scheduled when the scheduler starts
2026-05-11 23:21:16,891 [INFO] scheduler — [SCHEDULE] ✅ Status Board → toutes les 30s
2026-05-11 23:21:16,891 [INFO] apscheduler.scheduler — Adding job tentatively -- it will be properly scheduled when the scheduler starts
2026-05-11 23:21:16,894 [INFO] scheduler — [SCHEDULE] ✅ Watchdog → toutes les 120s
2026-05-11 23:21:16,894 [INFO] apscheduler.scheduler — Added job "TIER1 Infrastructure Bronze (5s)" to job store "default"
2026-05-11 23:21:16,894 [INFO] apscheduler.scheduler — Added job "TIER2 Parc Auto (30s)" to job store "default"
2026-05-11 23:21:16,894 [INFO] apscheduler.scheduler — Added job "TIER3 Daily DÉMO (120s)" to job store "default"
2026-05-11 23:21:16,894 [INFO] apscheduler.scheduler — Added job "TIER4 Monthly DÉMO (300s)" to job store "default"
2026-05-11 23:21:16,894 [INFO] apscheduler.scheduler — Added job "Status Board (30s)" to job store "default"
2026-05-11 23:21:16,896 [INFO] apscheduler.scheduler — Added job "Watchdog (120s)" to job store "default"
2026-05-11 23:21:16,898 [INFO] apscheduler.scheduler — Scheduler started
2026-05-11 23:21:16,910 [INFO] scheduler — 🟢 Scheduler actif — 6 jobs planifiés — Ctrl+C pour arrêter
2026-05-11 23:21:21,893 [INFO] apscheduler.executors.default — Running job "TIER1 Infrastructure Bronze (5s) (trigger: interval[0:00:05], next run at: 2026-05-11 23:21:26 +01)" (scheduled at 2026-05-11 23:21:21.882058+01:00)
2026-05-11 23:21:21,902 [INFO] apscheduler.executors.default — Job "TIER1 Infrastructure Bronze (5s) (trigger: interval[0:00:05], next run at: 2026-05-11 23:21:26 +01)" executed successfully
2026-05-11 23:21:26,890 [INFO] apscheduler.executors.default — Running job "TIER1 Infrastructure Bronze (5s) (trigger: interval[0:00:05], next run at: 2026-05-11 23:21:31 +01)" (scheduled at 2026-05-11 23:21:26.882058+01:00)
2026-05-11 23:21:26,892 [INFO] apscheduler.executors.default — Job "TIER1 Infrastructure Bronze (5s) (trigger: interval[0:00:05], next run at: 2026-05-11 23:21:31 +01)" executed successfully
2026-05-11 23:21:31,885 [INFO] apscheduler.executors.default — Running job "TIER1 Infrastructure Bronze (5s) (trigger: interval[0:00:05], next run at: 2026-05-11 23:21:36 +01)" (scheduled at 2026-05-11 23:21:31.882058+01:00)
2026-05-11 23:21:31,885 [INFO] apscheduler.executors.default — Job "TIER1 Infrastructure Bronze (5s) (trigger: interval[0:00:05], next run at: 2026-05-11 23:21:36 +01)" executed successfully
2026-05-11 23:21:36,886 [INFO] apscheduler.executors.default — Running job "TIER1 Infrastructure Bronze (5s) (trigger: interval[0:00:05], next run at: 2026-05-11 23:21:41 +01)" (scheduled at 2026-05-11 23:21:36.882058+01:00)
2026-05-11 23:21:36,886 [INFO] apscheduler.executors.default — Job "TIER1 Infrastructure Bronze (5s) (trigger: interval[0:00:05], next run at: 2026-05-11 23:21:41 +01)" executed successfully
2026-05-11 23:21:41,891 [INFO] apscheduler.executors.default — Running job "TIER1 Infrastructure Bronze (5s) (trigger: interval[0:00:05], next run at: 2026-05-11 23:21:46 +01)" (scheduled at 2026-05-11 23:21:41.882058+01:00)
2026-05-11 23:21:41,891 [INFO] apscheduler.executors.default — Job "TIER1 Infrastructure Bronze (5s) (trigger: interval[0:00:05], next run at: 2026-05-11 23:21:46 +01)" executed successfully
2026-05-11 23:21:46,883 [INFO] apscheduler.executors.default — Running job "TIER2 Parc Auto (30s) (trigger: interval[0:00:30], next run at: 2026-05-11 23:22:16 +01)" (scheduled at 2026-05-11 23:21:46.882058+01:00)
2026-05-11 23:21:46,885 [INFO] scheduler — ════════════════════════════════════════════════════════════
2026-05-11 23:21:46,885 [INFO] scheduler — [HOURLY] 🔄 Pipeline horaire — Parc Auto
2026-05-11 23:21:46,888 [INFO] apscheduler.executors.default — Running job "TIER1 Infrastructure Bronze (5s) (trigger: interval[0:00:05], next run at: 2026-05-11 23:21:51 +01)" (scheduled at 2026-05-11 23:21:46.882058+01:00)
2026-05-11 23:21:46,889 [INFO] apscheduler.executors.default — Job "TIER1 Infrastructure Bronze (5s) (trigger: interval[0:00:05], next run at: 2026-05-11 23:21:51 +01)" executed successfully
2026-05-11 23:21:46,900 [INFO] apscheduler.executors.default — Running job "Status Board (30s) (trigger: interval[0:00:30], next run at: 2026-05-11 23:22:16 +01)" (scheduled at 2026-05-11 23:21:46.891959+01:00)
2026-05-11 23:21:46,912 [INFO] apscheduler.executors.default — Job "Status Board (30s) (trigger: interval[0:00:30], next run at: 2026-05-11 23:22:16 +01)" executed successfully
2026-05-11 23:21:51,898 [INFO] apscheduler.executors.default — Running job "TIER1 Infrastructure Bronze (5s) (trigger: interval[0:00:05], next run at: 2026-05-11 23:21:56 +01)" (scheduled at 2026-05-11 23:21:51.882058+01:00)
2026-05-11 23:21:51,898 [INFO] apscheduler.executors.default — Job "TIER1 Infrastructure Bronze (5s) (trigger: interval[0:00:05], next run at: 2026-05-11 23:21:56 +01)" executed successfully
2026-05-11 23:21:56,790 [ERROR] scheduler — [HOURLY] ❌ Erreur : Failed to reach API at http://127.0.0.1:4200/api/
Traceback (most recent call last):
  File "C:\Users\tacht\dashboard360_novec\.venv\Lib\site-packages\httpx\_transports\default.py", line 101, in map_httpcore_exceptions
    yield
  File "C:\Users\tacht\dashboard360_novec\.venv\Lib\site-packages\httpx\_transports\default.py", line 250, in handle_request
    resp = self._pool.handle_request(req)
           ^^^^^^^^^^^^^^^^^^^^^^^^^^^^^^
  File "C:\Users\tacht\dashboard360_novec\.venv\Lib\site-packages\httpcore\_sync\connection_pool.py", line 256, in handle_request
    raise exc from None
  File "C:\Users\tacht\dashboard360_novec\.venv\Lib\site-packages\httpcore\_sync\connection_pool.py", line 236, in handle_request
    response = connection.handle_request(
               ^^^^^^^^^^^^^^^^^^^^^^^^^^
  File "C:\Users\tacht\dashboard360_novec\.venv\Lib\site-packages\httpcore\_sync\connection.py", line 101, in handle_request
    raise exc
  File "C:\Users\tacht\dashboard360_novec\.venv\Lib\site-packages\httpcore\_sync\connection.py", line 78, in handle_request
    stream = self._connect(request)
             ^^^^^^^^^^^^^^^^^^^^^^
  File "C:\Users\tacht\dashboard360_novec\.venv\Lib\site-packages\httpcore\_sync\connection.py", line 124, in _connect
    stream = self._network_backend.connect_tcp(**kwargs)
             ^^^^^^^^^^^^^^^^^^^^^^^^^^^^^^^^^^^^^^^^^^^
  File "C:\Users\tacht\dashboard360_novec\.venv\Lib\site-packages\httpcore\_backends\sync.py", line 207, in connect_tcp
    with map_exceptions(exc_map):
  File "C:\Users\tacht\AppData\Local\Programs\Python\Python311\Lib\contextlib.py", line 158, in __exit__
    self.gen.throw(typ, value, traceback)
  File "C:\Users\tacht\dashboard360_novec\.venv\Lib\site-packages\httpcore\_exceptions.py", line 14, in map_exceptions
    raise to_exc(exc) from exc
httpcore.ConnectError: [WinError 10061] No connection could be made because the target machine actively refused it

The above exception was the direct cause of the following exception:

Traceback (most recent call last):
  File "C:\Users\tacht\dashboard360_novec\.venv\Lib\site-packages\prefect\client\orchestration\__init__.py", line 1476, in raise_for_api_version_mismatch
    api_version = self.api_version()
                  ^^^^^^^^^^^^^^^^^^
  File "C:\Users\tacht\dashboard360_novec\.venv\Lib\site-packages\prefect\client\orchestration\__init__.py", line 1451, in api_version
    res = self._client.get("/admin/version")
          ^^^^^^^^^^^^^^^^^^^^^^^^^^^^^^^^^^
  File "C:\Users\tacht\dashboard360_novec\.venv\Lib\site-packages\httpx\_client.py", line 1053, in get
    return self.request(
           ^^^^^^^^^^^^^
  File "C:\Users\tacht\dashboard360_novec\.venv\Lib\site-packages\httpx\_client.py", line 825, in request
    return self.send(request, auth=auth, follow_redirects=follow_redirects)
           ^^^^^^^^^^^^^^^^^^^^^^^^^^^^^^^^^^^^^^^^^^^^^^^^^^^^^^^^^^^^^^^^
  File "C:\Users\tacht\dashboard360_novec\.venv\Lib\site-packages\prefect\client\base.py", line 655, in send
    response = self._send_with_retry(
               ^^^^^^^^^^^^^^^^^^^^^^
  File "C:\Users\tacht\dashboard360_novec\.venv\Lib\site-packages\prefect\client\base.py", line 542, in _send_with_retry
    response = send(request, *send_args, **send_kwargs)
               ^^^^^^^^^^^^^^^^^^^^^^^^^^^^^^^^^^^^^^^^
  File "C:\Users\tacht\dashboard360_novec\.venv\Lib\site-packages\httpx\_client.py", line 914, in send
    response = self._send_handling_auth(
               ^^^^^^^^^^^^^^^^^^^^^^^^^
  File "C:\Users\tacht\dashboard360_novec\.venv\Lib\site-packages\httpx\_client.py", line 942, in _send_handling_auth
    response = self._send_handling_redirects(
               ^^^^^^^^^^^^^^^^^^^^^^^^^^^^^^
  File "C:\Users\tacht\dashboard360_novec\.venv\Lib\site-packages\httpx\_client.py", line 979, in _send_handling_redirects
    response = self._send_single_request(request)
               ^^^^^^^^^^^^^^^^^^^^^^^^^^^^^^^^^^
  File "C:\Users\tacht\dashboard360_novec\.venv\Lib\site-packages\httpx\_client.py", line 1014, in _send_single_request
    response = transport.handle_request(request)
               ^^^^^^^^^^^^^^^^^^^^^^^^^^^^^^^^^
  File "C:\Users\tacht\dashboard360_novec\.venv\Lib\site-packages\httpx\_transports\default.py", line 249, in handle_request
    with map_httpcore_exceptions():
  File "C:\Users\tacht\AppData\Local\Programs\Python\Python311\Lib\contextlib.py", line 158, in __exit__
    self.gen.throw(typ, value, traceback)
  File "C:\Users\tacht\dashboard360_novec\.venv\Lib\site-packages\httpx\_transports\default.py", line 118, in map_httpcore_exceptions
    raise mapped_exc(message) from exc
httpx.ConnectError: [WinError 10061] No connection could be made because the target machine actively refused it

The above exception was the direct cause of the following exception:

Traceback (most recent call last):
  File "C:\Users\tacht\dashboard360_novec\scheduler.py", line 284, in job_hourly
    summary = hourly_flow(generate_bronze=True, dry_run=dry_run)
              ^^^^^^^^^^^^^^^^^^^^^^^^^^^^^^^^^^^^^^^^^^^^^^^^^^
  File "C:\Users\tacht\dashboard360_novec\.venv\Lib\site-packages\prefect\flows.py", line 1882, in __call__
    return run_flow(
           ^^^^^^^^^
  File "C:\Users\tacht\dashboard360_novec\.venv\Lib\site-packages\prefect\flow_engine.py", line 1987, in run_flow
    ret_val = run_flow_sync(**kwargs)
              ^^^^^^^^^^^^^^^^^^^^^^^
  File "C:\Users\tacht\dashboard360_novec\.venv\Lib\site-packages\prefect\flow_engine.py", line 1827, in run_flow_sync
    with engine.start():
  File "C:\Users\tacht\AppData\Local\Programs\Python\Python311\Lib\contextlib.py", line 137, in __enter__
    return next(self.gen)
           ^^^^^^^^^^^^^^
  File "C:\Users\tacht\dashboard360_novec\.venv\Lib\site-packages\prefect\flow_engine.py", line 1113, in start
    with self.initialize_run():
  File "C:\Users\tacht\AppData\Local\Programs\Python\Python311\Lib\contextlib.py", line 137, in __enter__
    return next(self.gen)
           ^^^^^^^^^^^^^^
  File "C:\Users\tacht\dashboard360_novec\.venv\Lib\site-packages\prefect\flow_engine.py", line 1015, in initialize_run
    with SyncClientContext.get_or_create() as client_ctx:
  File "C:\Users\tacht\AppData\Local\Programs\Python\Python311\Lib\contextlib.py", line 137, in __enter__
    return next(self.gen)
           ^^^^^^^^^^^^^^
  File "C:\Users\tacht\dashboard360_novec\.venv\Lib\site-packages\prefect\context.py", line 337, in get_or_create
    with cls() as ctx:
  File "C:\Users\tacht\dashboard360_novec\.venv\Lib\site-packages\prefect\context.py", line 319, in __enter__
    self.client.raise_for_api_version_mismatch_once()
  File "C:\Users\tacht\dashboard360_novec\.venv\Lib\site-packages\prefect\client\orchestration\__init__.py", line 1467, in raise_for_api_version_mismatch_once
    self.raise_for_api_version_mismatch()
  File "C:\Users\tacht\dashboard360_novec\.venv\Lib\site-packages\prefect\client\orchestration\__init__.py", line 1480, in raise_for_api_version_mismatch
    raise RuntimeError(f"Failed to reach API at {self.api_url}") from e
RuntimeError: Failed to reach API at http://127.0.0.1:4200/api/
2026-05-11 23:21:56,817 [INFO] apscheduler.executors.default — Job "TIER2 Parc Auto (30s) (trigger: interval[0:00:30], next run at: 2026-05-11 23:22:16 +01)" executed successfully
2026-05-11 23:21:56,890 [INFO] apscheduler.executors.default — Running job "TIER1 Infrastructure Bronze (5s) (trigger: interval[0:00:05], next run at: 2026-05-11 23:22:01 +01)" (scheduled at 2026-05-11 23:21:56.882058+01:00)
2026-05-11 23:21:56,890 [INFO] apscheduler.executors.default — Job "TIER1 Infrastructure Bronze (5s) (trigger: interval[0:00:05], next run at: 2026-05-11 23:22:01 +01)" executed successfully
2026-05-11 23:22:01,888 [INFO] apscheduler.executors.default — Running job "TIER1 Infrastructure Bronze (5s) (trigger: interval[0:00:05], next run at: 2026-05-11 23:22:06 +01)" (scheduled at 2026-05-11 23:22:01.882058+01:00)
2026-05-11 23:22:01,888 [INFO] apscheduler.executors.default — Job "TIER1 Infrastructure Bronze (5s) (trigger: interval[0:00:05], next run at: 2026-05-11 23:22:06 +01)" executed successfully
2026-05-11 23:22:06,883 [INFO] apscheduler.executors.default — Running job "TIER1 Infrastructure Bronze (5s) (trigger: interval[0:00:05], next run at: 2026-05-11 23:22:11 +01)" (scheduled at 2026-05-11 23:22:06.882058+01:00)
2026-05-11 23:22:06,883 [INFO] apscheduler.executors.default — Job "TIER1 Infrastructure Bronze (5s) (trigger: interval[0:00:05], next run at: 2026-05-11 23:22:11 +01)" executed successfully
2026-05-11 23:22:11,892 [INFO] apscheduler.executors.default — Running job "TIER1 Infrastructure Bronze (5s) (trigger: interval[0:00:05], next run at: 2026-05-11 23:22:16 +01)" (scheduled at 2026-05-11 23:22:11.882058+01:00)
2026-05-11 23:22:11,893 [INFO] apscheduler.executors.default — Job "TIER1 Infrastructure Bronze (5s) (trigger: interval[0:00:05], next run at: 2026-05-11 23:22:16 +01)" executed successfully
2026-05-11 23:22:16,883 [INFO] apscheduler.executors.default — Running job "TIER2 Parc Auto (30s) (trigger: interval[0:00:30], next run at: 2026-05-11 23:22:46 +01)" (scheduled at 2026-05-11 23:22:16.882058+01:00)
2026-05-11 23:22:16,883 [INFO] apscheduler.executors.default — Running job "TIER1 Infrastructure Bronze (5s) (trigger: interval[0:00:05], next run at: 2026-05-11 23:22:21 +01)" (scheduled at 2026-05-11 23:22:16.882058+01:00)
2026-05-11 23:22:16,883 [INFO] scheduler — ════════════════════════════════════════════════════════════
2026-05-11 23:22:16,883 [INFO] apscheduler.executors.default — Job "TIER1 Infrastructure Bronze (5s) (trigger: interval[0:00:05], next run at: 2026-05-11 23:22:21 +01)" executed successfully
2026-05-11 23:22:16,883 [INFO] scheduler — [HOURLY] 🔄 Pipeline horaire — Parc Auto
2026-05-11 23:22:16,896 [INFO] apscheduler.executors.default — Running job "Status Board (30s) (trigger: interval[0:00:30], next run at: 2026-05-11 23:22:46 +01)" (scheduled at 2026-05-11 23:22:16.891959+01:00)
2026-05-11 23:22:16,905 [INFO] apscheduler.executors.default — Job "Status Board (30s) (trigger: interval[0:00:30], next run at: 2026-05-11 23:22:46 +01)" executed successfully
2026-05-11 23:22:21,891 [INFO] apscheduler.executors.default — Running job "TIER1 Infrastructure Bronze (5s) (trigger: interval[0:00:05], next run at: 2026-05-11 23:22:26 +01)" (scheduled at 2026-05-11 23:22:21.882058+01:00)
2026-05-11 23:22:21,891 [INFO] apscheduler.executors.default — Job "TIER1 Infrastructure Bronze (5s) (trigger: interval[0:00:05], next run at: 2026-05-11 23:22:26 +01)" executed successfully
2026-05-11 23:22:26,743 [ERROR] scheduler — [HOURLY] ❌ Erreur : Failed to reach API at http://127.0.0.1:4200/api/
Traceback (most recent call last):
  File "C:\Users\tacht\dashboard360_novec\.venv\Lib\site-packages\httpx\_transports\default.py", line 101, in map_httpcore_exceptions
    yield
  File "C:\Users\tacht\dashboard360_novec\.venv\Lib\site-packages\httpx\_transports\default.py", line 250, in handle_request
    resp = self._pool.handle_request(req)
           ^^^^^^^^^^^^^^^^^^^^^^^^^^^^^^
  File "C:\Users\tacht\dashboard360_novec\.venv\Lib\site-packages\httpcore\_sync\connection_pool.py", line 256, in handle_request
    raise exc from None
  File "C:\Users\tacht\dashboard360_novec\.venv\Lib\site-packages\httpcore\_sync\connection_pool.py", line 236, in handle_request
    response = connection.handle_request(
               ^^^^^^^^^^^^^^^^^^^^^^^^^^
  File "C:\Users\tacht\dashboard360_novec\.venv\Lib\site-packages\httpcore\_sync\connection.py", line 101, in handle_request
    raise exc
  File "C:\Users\tacht\dashboard360_novec\.venv\Lib\site-packages\httpcore\_sync\connection.py", line 78, in handle_request
    stream = self._connect(request)
             ^^^^^^^^^^^^^^^^^^^^^^
  File "C:\Users\tacht\dashboard360_novec\.venv\Lib\site-packages\httpcore\_sync\connection.py", line 124, in _connect
    stream = self._network_backend.connect_tcp(**kwargs)
             ^^^^^^^^^^^^^^^^^^^^^^^^^^^^^^^^^^^^^^^^^^^
  File "C:\Users\tacht\dashboard360_novec\.venv\Lib\site-packages\httpcore\_backends\sync.py", line 207, in connect_tcp
    with map_exceptions(exc_map):
  File "C:\Users\tacht\AppData\Local\Programs\Python\Python311\Lib\contextlib.py", line 158, in __exit__
    self.gen.throw(typ, value, traceback)
  File "C:\Users\tacht\dashboard360_novec\.venv\Lib\site-packages\httpcore\_exceptions.py", line 14, in map_exceptions
    raise to_exc(exc) from exc
httpcore.ConnectError: [WinError 10061] No connection could be made because the target machine actively refused it

The above exception was the direct cause of the following exception:

Traceback (most recent call last):
  File "C:\Users\tacht\dashboard360_novec\.venv\Lib\site-packages\prefect\client\orchestration\__init__.py", line 1476, in raise_for_api_version_mismatch
    api_version = self.api_version()
                  ^^^^^^^^^^^^^^^^^^
  File "C:\Users\tacht\dashboard360_novec\.venv\Lib\site-packages\prefect\client\orchestration\__init__.py", line 1451, in api_version
    res = self._client.get("/admin/version")
          ^^^^^^^^^^^^^^^^^^^^^^^^^^^^^^^^^^
  File "C:\Users\tacht\dashboard360_novec\.venv\Lib\site-packages\httpx\_client.py", line 1053, in get
    return self.request(
           ^^^^^^^^^^^^^
  File "C:\Users\tacht\dashboard360_novec\.venv\Lib\site-packages\httpx\_client.py", line 825, in request
    return self.send(request, auth=auth, follow_redirects=follow_redirects)
           ^^^^^^^^^^^^^^^^^^^^^^^^^^^^^^^^^^^^^^^^^^^^^^^^^^^^^^^^^^^^^^^^
  File "C:\Users\tacht\dashboard360_novec\.venv\Lib\site-packages\prefect\client\base.py", line 655, in send
    response = self._send_with_retry(
               ^^^^^^^^^^^^^^^^^^^^^^
  File "C:\Users\tacht\dashboard360_novec\.venv\Lib\site-packages\prefect\client\base.py", line 542, in _send_with_retry
    response = send(request, *send_args, **send_kwargs)
               ^^^^^^^^^^^^^^^^^^^^^^^^^^^^^^^^^^^^^^^^
  File "C:\Users\tacht\dashboard360_novec\.venv\Lib\site-packages\httpx\_client.py", line 914, in send
    response = self._send_handling_auth(
               ^^^^^^^^^^^^^^^^^^^^^^^^^
  File "C:\Users\tacht\dashboard360_novec\.venv\Lib\site-packages\httpx\_client.py", line 942, in _send_handling_auth
    response = self._send_handling_redirects(
               ^^^^^^^^^^^^^^^^^^^^^^^^^^^^^^
  File "C:\Users\tacht\dashboard360_novec\.venv\Lib\site-packages\httpx\_client.py", line 979, in _send_handling_redirects
    response = self._send_single_request(request)
               ^^^^^^^^^^^^^^^^^^^^^^^^^^^^^^^^^^
  File "C:\Users\tacht\dashboard360_novec\.venv\Lib\site-packages\httpx\_client.py", line 1014, in _send_single_request
    response = transport.handle_request(request)
               ^^^^^^^^^^^^^^^^^^^^^^^^^^^^^^^^^
  File "C:\Users\tacht\dashboard360_novec\.venv\Lib\site-packages\httpx\_transports\default.py", line 249, in handle_request
    with map_httpcore_exceptions():
  File "C:\Users\tacht\AppData\Local\Programs\Python\Python311\Lib\contextlib.py", line 158, in __exit__
    self.gen.throw(typ, value, traceback)
  File "C:\Users\tacht\dashboard360_novec\.venv\Lib\site-packages\httpx\_transports\default.py", line 118, in map_httpcore_exceptions
    raise mapped_exc(message) from exc
httpx.ConnectError: [WinError 10061] No connection could be made because the target machine actively refused it

The above exception was the direct cause of the following exception:

Traceback (most recent call last):
  File "C:\Users\tacht\dashboard360_novec\scheduler.py", line 284, in job_hourly
    summary = hourly_flow(generate_bronze=True, dry_run=dry_run)
              ^^^^^^^^^^^^^^^^^^^^^^^^^^^^^^^^^^^^^^^^^^^^^^^^^^
  File "C:\Users\tacht\dashboard360_novec\.venv\Lib\site-packages\prefect\flows.py", line 1882, in __call__
    return run_flow(
           ^^^^^^^^^
  File "C:\Users\tacht\dashboard360_novec\.venv\Lib\site-packages\prefect\flow_engine.py", line 1987, in run_flow
    ret_val = run_flow_sync(**kwargs)
              ^^^^^^^^^^^^^^^^^^^^^^^
  File "C:\Users\tacht\dashboard360_novec\.venv\Lib\site-packages\prefect\flow_engine.py", line 1827, in run_flow_sync
    with engine.start():
  File "C:\Users\tacht\AppData\Local\Programs\Python\Python311\Lib\contextlib.py", line 137, in __enter__
    return next(self.gen)
           ^^^^^^^^^^^^^^
  File "C:\Users\tacht\dashboard360_novec\.venv\Lib\site-packages\prefect\flow_engine.py", line 1113, in start
    with self.initialize_run():
  File "C:\Users\tacht\AppData\Local\Programs\Python\Python311\Lib\contextlib.py", line 137, in __enter__
    return next(self.gen)
           ^^^^^^^^^^^^^^
  File "C:\Users\tacht\dashboard360_novec\.venv\Lib\site-packages\prefect\flow_engine.py", line 1015, in initialize_run
    with SyncClientContext.get_or_create() as client_ctx:
  File "C:\Users\tacht\AppData\Local\Programs\Python\Python311\Lib\contextlib.py", line 137, in __enter__
    return next(self.gen)
           ^^^^^^^^^^^^^^
  File "C:\Users\tacht\dashboard360_novec\.venv\Lib\site-packages\prefect\context.py", line 337, in get_or_create
    with cls() as ctx:
  File "C:\Users\tacht\dashboard360_novec\.venv\Lib\site-packages\prefect\context.py", line 319, in __enter__
    self.client.raise_for_api_version_mismatch_once()
  File "C:\Users\tacht\dashboard360_novec\.venv\Lib\site-packages\prefect\client\orchestration\__init__.py", line 1467, in raise_for_api_version_mismatch_once
    self.raise_for_api_version_mismatch()
  File "C:\Users\tacht\dashboard360_novec\.venv\Lib\site-packages\prefect\client\orchestration\__init__.py", line 1480, in raise_for_api_version_mismatch
    raise RuntimeError(f"Failed to reach API at {self.api_url}") from e
RuntimeError: Failed to reach API at http://127.0.0.1:4200/api/
2026-05-11 23:22:26,746 [INFO] apscheduler.executors.default — Job "TIER2 Parc Auto (30s) (trigger: interval[0:00:30], next run at: 2026-05-11 23:22:46 +01)" executed successfully
2026-05-11 23:22:26,892 [INFO] apscheduler.executors.default — Running job "TIER1 Infrastructure Bronze (5s) (trigger: interval[0:00:05], next run at: 2026-05-11 23:22:31 +01)" (scheduled at 2026-05-11 23:22:26.882058+01:00)
2026-05-11 23:22:26,892 [INFO] apscheduler.executors.default — Job "TIER1 Infrastructure Bronze (5s) (trigger: interval[0:00:05], next run at: 2026-05-11 23:22:31 +01)" executed successfully
2026-05-11 23:22:31,887 [INFO] apscheduler.executors.default — Running job "TIER1 Infrastructure Bronze (5s) (trigger: interval[0:00:05], next run at: 2026-05-11 23:22:36 +01)" (scheduled at 2026-05-11 23:22:31.882058+01:00)
2026-05-11 23:22:31,887 [INFO] apscheduler.executors.default — Job "TIER1 Infrastructure Bronze (5s) (trigger: interval[0:00:05], next run at: 2026-05-11 23:22:36 +01)" executed successfully
2026-05-11 23:22:36,890 [INFO] apscheduler.executors.default — Running job "TIER1 Infrastructure Bronze (5s) (trigger: interval[0:00:05], next run at: 2026-05-11 23:22:41 +01)" (scheduled at 2026-05-11 23:22:36.882058+01:00)
2026-05-11 23:22:36,890 [INFO] apscheduler.executors.default — Job "TIER1 Infrastructure Bronze (5s) (trigger: interval[0:00:05], next run at: 2026-05-11 23:22:41 +01)" executed successfully
2026-05-11 23:22:39,261 [INFO] scheduler — ⛔ Arrêt demandé (Ctrl+C)
2026-05-11 23:22:39,262 [INFO] apscheduler.scheduler — Scheduler has been shut down
2026-05-11 23:22:39,264 [INFO] scheduler — ✅ Scheduler arrêté proprement
2026-05-11 23:22:39,264 [INFO] scheduler — Runs totaux  — Infra:16  Hourly:0  Daily:0  Monthly:0
2026-05-11 23:22:39,264 [INFO] scheduler — Erreurs      — Infra:0  Hourly:2  Daily:0  Monthly:0
2026-05-11 23:22:39,264 [INFO] scheduler — Misfires     — Infra:0  Daily:0  Monthly:0
